# JRE version: Java(TM) SE Runtime Environment (8.0_65-b17) (build 1.8.0_65-b17)
# Java VM: Java HotSpot(TM) 64-Bit Server VM (25.65-b01 mixed mode bsd-amd64 compressed oops)
Heap:
 PSYoungGen      total 71680K, used 39049K [0x00000007b0600000, 0x00000007b9b00000, 0x00000007c0000000)
  eden space 66560K, 50% used [0x00000007b0600000,0x00000007b2726110,0x00000007b4700000)
  from space 5120K, 99% used [0x00000007b4700000,0x00000007b4bfc670,0x00000007b4c00000)
  to   space 9728K, 0% used [0x00000007b9180000,0x00000007b9180000,0x00000007b9b00000)
 ParOldGen       total 87552K, used 14363K [0x0000000791200000, 0x0000000796780000, 0x00000007b0600000)
  object space 87552K, 16% used [0x0000000791200000,0x0000000792006ea0,0x0000000796780000)
 Metaspace       used 20777K, capacity 21148K, committed 21248K, reserved 1069056K
  class space    used 2470K, capacity 2554K, committed 2560K, reserved 1048576K
GC Heap History (10 events):
Event: 2.673 GC heap before
{Heap before GC invocations=1 (full 0):
 PSYoungGen      total 38400K, used 33280K [0x00000007b0600000, 0x00000007b3080000, 0x00000007c0000000)
  eden space 33280K, 100% used [0x00000007b0600000,0x00000007b2680000,0x00000007b2680000)
  from space 5120K, 0% used [0x00000007b2b80000,0x00000007b2b80000,0x00000007b3080000)
  to   space 5120K, 0% used [0x00000007b2680000,0x00000007b2680000,0x00000007b2b80000)
 ParOldGen       total 87552K, used 0K [0x0000000791200000, 0x0000000796780000, 0x00000007b0600000)
  object space 87552K, 0% used [0x0000000791200000,0x0000000791200000,0x0000000796780000)
 Metaspace       used 9104K, capacity 9346K, committed 9472K, reserved 1056768K
  class space    used 1087K, capacity 1157K, committed 1280K, reserved 1048576K
Event: 2.676 GC heap after
Heap after GC invocations=1 (full 0):
 PSYoungGen      total 38400K, used 1552K [0x00000007b0600000, 0x00000007b3080000, 0x00000007c0000000)
  eden space 33280K, 0% used [0x00000007b0600000,0x00000007b0600000,0x00000007b2680000)
  from space 5120K, 30% used [0x00000007b2680000,0x00000007b2804010,0x00000007b2b80000)
  to   space 5120K, 0% used [0x00000007b2b80000,0x00000007b2b80000,0x00000007b3080000)
 ParOldGen       total 87552K, used 8K [0x0000000791200000, 0x0000000796780000, 0x00000007b0600000)
  object space 87552K, 0% used [0x0000000791200000,0x0000000791202000,0x0000000796780000)
 Metaspace       used 9104K, capacity 9346K, committed 9472K, reserved 1056768K
  class space    used 1087K, capacity 1157K, committed 1280K, reserved 1048576K
}
Event: 3.026 GC heap before
{Heap before GC invocations=2 (full 0):
 PSYoungGen      total 38400K, used 34832K [0x00000007b0600000, 0x00000007b3080000, 0x00000007c0000000)
  eden space 33280K, 100% used [0x00000007b0600000,0x00000007b2680000,0x00000007b2680000)
  from space 5120K, 30% used [0x00000007b2680000,0x00000007b2804010,0x00000007b2b80000)
  to   space 5120K, 0% used [0x00000007b2b80000,0x00000007b2b80000,0x00000007b3080000)
 ParOldGen       total 87552K, used 8K [0x0000000791200000, 0x0000000796780000, 0x00000007b0600000)
  object space 87552K, 0% used [0x0000000791200000,0x0000000791202000,0x0000000796780000)
 Metaspace       used 10980K, capacity 11202K, committed 11520K, reserved 1058816K
  class space    used 1323K, capacity 1413K, committed 1536K, reserved 1048576K
Event: 3.033 GC heap after
Heap after GC invocations=2 (full 0):
 PSYoungGen      total 38400K, used 5042K [0x00000007b0600000, 0x00000007b5100000, 0x00000007c0000000)
  eden space 33280K, 0% used [0x00000007b0600000,0x00000007b0600000,0x00000007b2680000)
  from space 5120K, 98% used [0x00000007b2b80000,0x00000007b306c8e8,0x00000007b3080000)
  to   space 5120K, 0% used [0x00000007b2680000,0x00000007b2680000,0x00000007b2b80000)
 ParOldGen       total 87552K, used 6114K [0x0000000791200000, 0x0000000796780000, 0x00000007b0600000)
  object space 87552K, 6% used [0x0000000791200000,0x00000007917f8a70,0x0000000796780000)
 Metaspace       used 10980K, capacity 11202K, committed 11520K, reserved 1058816K
  class space    used 1323K, capacity 1413K, committed 1536K, reserved 1048576K
}
Event: 3.079 GC heap before
{Heap before GC invocations=3 (full 0):
 PSYoungGen      total 38400K, used 38322K [0x00000007b0600000, 0x00000007b5100000, 0x00000007c0000000)
  eden space 33280K, 100% used [0x00000007b0600000,0x00000007b2680000,0x00000007b2680000)
  from space 5120K, 98% used [0x00000007b2b80000,0x00000007b306c8e8,0x00000007b3080000)
  to   space 5120K, 0% used [0x00000007b2680000,0x00000007b2680000,0x00000007b2b80000)
 ParOldGen       total 87552K, used 6114K [0x0000000791200000, 0x0000000796780000, 0x00000007b0600000)
  object space 87552K, 6% used [0x0000000791200000,0x00000007917f8a70,0x0000000796780000)
 Metaspace       used 10983K, capacity 11202K, committed 11520K, reserved 1058816K
  class space    used 1323K, capacity 1413K, committed 1536K, reserved 1048576K
Event: 3.085 GC heap after
Heap after GC invocations=3 (full 0):
 PSYoungGen      total 38400K, used 5042K [0x00000007b0600000, 0x00000007b5100000, 0x00000007c0000000)
  eden space 33280K, 0% used [0x00000007b0600000,0x00000007b0600000,0x00000007b2680000)
  from space 5120K, 98% used [0x00000007b2680000,0x00000007b2b6c8e8,0x00000007b2b80000)
  to   space 5120K, 0% used [0x00000007b4c00000,0x00000007b4c00000,0x00000007b5100000)
 ParOldGen       total 87552K, used 8388K [0x0000000791200000, 0x0000000796780000, 0x00000007b0600000)
  object space 87552K, 9% used [0x0000000791200000,0x0000000791a31060,0x0000000796780000)
 Metaspace       used 10983K, capacity 11202K, committed 11520K, reserved 1058816K
  class space    used 1323K, capacity 1413K, committed 1536K, reserved 1048576K
}
Event: 3.117 GC heap before
{Heap before GC invocations=4 (full 0):
 PSYoungGen      total 38400K, used 38322K [0x00000007b0600000, 0x00000007b5100000, 0x00000007c0000000)
  eden space 33280K, 100% used [0x00000007b0600000,0x00000007b2680000,0x00000007b2680000)
  from space 5120K, 98% used [0x00000007b2680000,0x00000007b2b6c8e8,0x00000007b2b80000)
  to   space 5120K, 0% used [0x00000007b4c00000,0x00000007b4c00000,0x00000007b5100000)
 ParOldGen       total 87552K, used 8388K [0x0000000791200000, 0x0000000796780000, 0x00000007b0600000)
  object space 87552K, 9% used [0x0000000791200000,0x0000000791a31060,0x0000000796780000)
 Metaspace       used 10983K, capacity 11202K, committed 11520K, reserved 1058816K
  class space    used 1323K, capacity 1413K, committed 1536K, reserved 1048576K
Event: 3.122 GC heap after
Heap after GC invocations=4 (full 0):
 PSYoungGen      total 71680K, used 5010K [0x00000007b0600000, 0x00000007b5100000, 0x00000007c0000000)
  eden space 66560K, 0% used [0x00000007b0600000,0x00000007b0600000,0x00000007b4700000)
  from space 5120K, 97% used [0x00000007b4c00000,0x00000007b50e48e8,0x00000007b5100000)
  to   space 5120K, 0% used [0x00000007b4700000,0x00000007b4700000,0x00000007b4c00000)
 ParOldGen       total 87552K, used 10669K [0x0000000791200000, 0x0000000796780000, 0x00000007b0600000)
  object space 87552K, 12% used [0x0000000791200000,0x0000000791c6b650,0x0000000796780000)
 Metaspace       used 10983K, capacity 11202K, committed 11520K, reserved 1058816K
  class space    used 1323K, capacity 1413K, committed 1536K, reserved 1048576K
}
Event: 18.316 GC heap before
{Heap before GC invocations=5 (full 0):
 PSYoungGen      total 71680K, used 71570K [0x00000007b0600000, 0x00000007b5100000, 0x00000007c0000000)
  eden space 66560K, 100% used [0x00000007b0600000,0x00000007b4700000,0x00000007b4700000)
  from space 5120K, 97% used [0x00000007b4c00000,0x00000007b50e48e8,0x00000007b5100000)
  to   space 5120K, 0% used [0x00000007b4700000,0x00000007b4700000,0x00000007b4c00000)
 ParOldGen       total 87552K, used 10669K [0x0000000791200000, 0x0000000796780000, 0x00000007b0600000)
  object space 87552K, 12% used [0x0000000791200000,0x0000000791c6b650,0x0000000796780000)
 Metaspace       used 18887K, capacity 19216K, committed 19584K, reserved 1067008K
  class space    used 2248K, capacity 2342K, committed 2432K, reserved 1048576K
Event: 18.326 GC heap after
Heap after GC invocations=5 (full 0):
 PSYoungGen      total 71680K, used 5105K [0x00000007b0600000, 0x00000007b9b00000, 0x00000007c0000000)
  eden space 66560K, 0% used [0x00000007b0600000,0x00000007b0600000,0x00000007b4700000)
  from space 5120K, 99% used [0x00000007b4700000,0x00000007b4bfc670,0x00000007b4c00000)
  to   space 9728K, 0% used [0x00000007b9180000,0x00000007b9180000,0x00000007b9b00000)
 ParOldGen       total 87552K, used 14363K [0x0000000791200000, 0x0000000796780000, 0x00000007b0600000)
  object space 87552K, 16% used [0x0000000791200000,0x0000000792006ea0,0x0000000796780000)
 Metaspace       used 18887K, capacity 19216K, committed 19584K, reserved 1067008K
  class space    used 2248K, capacity 2342K, committed 2432K, reserved 1048576K
}

